configure: Configuration created at Mon Jul  3 15:08:51 EEST 2023.
checking for basename... /usr/bin/basename
checking for dirname... /usr/bin/dirname
checking for file... /usr/bin/file
checking for ldd... /usr/bin/ldd
checking for bash... /usr/bin/bash
checking for cat... /usr/bin/cat
checking for chmod... /usr/bin/chmod
checking for cp... /usr/bin/cp
checking for cut... /usr/bin/cut
checking for date... /usr/bin/date
checking for gdiff... [not found]
checking for diff... /usr/bin/diff
checking for echo... echo [builtin]
checking for expr... /usr/bin/expr
checking for find... /usr/bin/find
checking for gunzip... /usr/bin/gunzip
checking for pigz... [not found]
checking for gzip... /usr/bin/gzip
checking for head... /usr/bin/head
checking for ln... /usr/bin/ln
checking for ls... /usr/bin/ls
checking for gmkdir... [not found]
checking for mkdir... /usr/bin/mkdir
checking for mktemp... /usr/bin/mktemp
checking for mv... /usr/bin/mv
checking for gawk... /usr/bin/gawk
checking for printf... printf [builtin]
checking for rm... /usr/bin/rm
checking for rmdir... /usr/bin/rmdir
checking for sh... /usr/bin/sh
checking for sort... /usr/bin/sort
checking for tail... /usr/bin/tail
checking for gtar... /usr/bin/gtar
checking for tee... /usr/bin/tee
checking for touch... /usr/bin/touch
checking for tr... /usr/bin/tr
checking for uname... /usr/bin/uname
checking for wc... /usr/bin/wc
checking for xargs... /usr/bin/xargs
checking for grep that handles long lines and -e... /usr/bin/grep
checking for egrep... /usr/bin/grep -E
checking for fgrep... /usr/bin/grep -F
checking for a sed that does not truncate output... /usr/bin/sed
checking for df... /usr/bin/df
checking for nice... /usr/bin/nice
checking for greadlink... [not found]
checking for readlink... /usr/bin/readlink
checking for cygpath... [not found]
checking for wslpath... [not found]
checking for lsb_release... [not found]
checking for cmd.exe... [not found]
checking for cmp... /usr/bin/cmp
checking for uniq... /usr/bin/uniq
checking build system type... x86_64-unknown-linux-gnu
checking host system type... x86_64-unknown-linux-gnu
checking target system type... x86_64-unknown-linux-gnu
checking openjdk-build os-cpu... linux-x86_64
checking openjdk-build C library... gnu
checking openjdk-target os-cpu... linux-x86_64
checking openjdk-target C library... gnu
configure: --with-target-bits are set to build platform address size; argument has no meaning
checking compilation type... native
checking for top-level directory... /home1/public/konstdelis/teraheap/jdk17u067
checking if custom source is suppressed (openjdk-only)... disabled, default
checking for --enable-debug... disabled, default
checking which debug level to use... release
checking which variants of the JVM to build... server
checking if absolute paths should be allowed in the build output... no, release build
checking for sysroot... 
checking for toolchain path... 
checking for extra path... 
checking where to store configuration... in default location
checking what configuration name to use... linux-x86_64-server-release
checking for zypper... [not found]
checking for apt-get... [not found]
checking for yum... /usr/bin/yum
checking for pandoc... [not found]
checking for gmake... /opt/rh/devtoolset-8/root/usr/bin/gmake
configure: Testing potential make at /opt/rh/devtoolset-8/root/usr/bin/gmake, found using gmake in PATH
configure: Using GNU make at /opt/rh/devtoolset-8/root/usr/bin/gmake (version: GNU Make 4.2.1)
checking if make --output-sync is supported... yes
check msg:for make --output-sync value:
checking for make --output-sync value... recurse, default
checking if find supports -delete... yes
checking what type of tar was found... gnu
checking that grep (/usr/bin/grep) -Fx handles empty lines in the pattern list correctly... yes
checking for unzip... /usr/bin/unzip
checking for zip... /usr/bin/zip
checking for greadelf... [not found]
checking for readelf... /opt/rh/devtoolset-8/root/usr/bin/readelf
checking for dot... [not found]
checking for hg... [not found]
checking for git... /usr/bin/git
checking for stat... /usr/bin/stat
checking for time... time [builtin]
checking for flock... /usr/bin/flock
checking for dtrace... [not found]
checking for gpatch... [not found]
checking for patch... /usr/bin/patch
checking if date is a GNU compatible version... yes
checking for ulimit... ulimit [builtin]
checking bash version... 4.2.46
checking if bash supports pipefail... yes
checking if bash supports errexit (-e)... yes
checking for pkg-config... /usr/bin/pkg-config
checking pkg-config is at least version 0.9.0... yes
checking for default LOG value... 
checking if packaged modules are kept... enabled, default
checking for version string... 17.0.6-internal+0-adhoc.konstdelis.jdk17u067
configure: Your JAVA_HOME points to a non-existing directory!
checking for javac... /usr/bin/javac
checking for java... /usr/bin/java
configure: Found potential Boot JDK using java(c) in PATH
configure: Potential Boot JDK found at /usr/lib/jvm/java-1.8.0-openjdk-1.8.0.312.b07-1.el7_9.x86_64 is incorrect JDK version (openjdk version "1.8.0_312" OpenJDK Runtime Environment (build 1.8.0_312-b07) OpenJDK 64-Bit Server VM (build 25.312-b07, mixed mode)); ignoring
configure: (Your Boot JDK version must be one of: 16 17)
configure: Found potential Boot JDK using well-known locations (in /usr/lib/jvm/jre-openjdk)
configure: Potential Boot JDK found at /usr/lib/jvm/jre-openjdk did not contain bin/javac; ignoring
configure: (This might be an JRE instead of an JDK)
configure: Found potential Boot JDK using well-known locations (in /usr/lib/jvm/jre-11-openjdk-11.0.14.1.1-1.el7_9.x86_64)
configure: Potential Boot JDK found at /usr/lib/jvm/jre-11-openjdk-11.0.14.1.1-1.el7_9.x86_64 is incorrect JDK version (openjdk version "11.0.14.1" 2022-02-08 LTS OpenJDK Runtime Environment 18.9 (build 11.0.14.1+1-LTS) OpenJDK 64-Bit Server VM 18.9 (build 11.0.14.1+1-LTS, mixed mode, sharing)); ignoring
configure: (Your Boot JDK version must be one of: 16 17)
configure: Found potential Boot JDK using well-known locations (in /usr/lib/jvm/jre-11-openjdk)
configure: Potential Boot JDK found at /usr/lib/jvm/jre-11-openjdk is incorrect JDK version (openjdk version "11.0.14.1" 2022-02-08 LTS OpenJDK Runtime Environment 18.9 (build 11.0.14.1+1-LTS) OpenJDK 64-Bit Server VM 18.9 (build 11.0.14.1+1-LTS, mixed mode, sharing)); ignoring
configure: (Your Boot JDK version must be one of: 16 17)
configure: Found potential Boot JDK using well-known locations (in /usr/lib/jvm/jre-11)
configure: Potential Boot JDK found at /usr/lib/jvm/jre-11 is incorrect JDK version (openjdk version "11.0.14.1" 2022-02-08 LTS OpenJDK Runtime Environment 18.9 (build 11.0.14.1+1-LTS) OpenJDK 64-Bit Server VM 18.9 (build 11.0.14.1+1-LTS, mixed mode, sharing)); ignoring
configure: (Your Boot JDK version must be one of: 16 17)
configure: Found potential Boot JDK using well-known locations (in /usr/lib/jvm/jre-1.8.0-openjdk-1.8.0.312.b07-1.el7_9.x86_64)
configure: Potential Boot JDK found at /usr/lib/jvm/jre-1.8.0-openjdk-1.8.0.312.b07-1.el7_9.x86_64 did not contain bin/javac; ignoring
configure: (This might be an JRE instead of an JDK)
configure: Found potential Boot JDK using well-known locations (in /usr/lib/jvm/jre-1.8.0-openjdk)
configure: Potential Boot JDK found at /usr/lib/jvm/jre-1.8.0-openjdk did not contain bin/javac; ignoring
configure: (This might be an JRE instead of an JDK)
configure: Found potential Boot JDK using well-known locations (in /usr/lib/jvm/jre-1.8.0)
configure: Potential Boot JDK found at /usr/lib/jvm/jre-1.8.0 did not contain bin/javac; ignoring
configure: (This might be an JRE instead of an JDK)
configure: Found potential Boot JDK using well-known locations (in /usr/lib/jvm/jre)
configure: Potential Boot JDK found at /usr/lib/jvm/jre did not contain bin/javac; ignoring
configure: (This might be an JRE instead of an JDK)
configure: Found potential Boot JDK using well-known locations (in /usr/lib/jvm/java-openjdk)
configure: Potential Boot JDK found at /usr/lib/jvm/java-openjdk is incorrect JDK version (openjdk version "1.8.0_312" OpenJDK Runtime Environment (build 1.8.0_312-b07) OpenJDK 64-Bit Server VM (build 25.312-b07, mixed mode)); ignoring
configure: (Your Boot JDK version must be one of: 16 17)
configure: Found potential Boot JDK using well-known locations (in /usr/lib/jvm/java-11-openjdk-11.0.14.1.1-1.el7_9.x86_64)
configure: Potential Boot JDK found at /usr/lib/jvm/java-11-openjdk-11.0.14.1.1-1.el7_9.x86_64 is incorrect JDK version (openjdk version "11.0.14.1" 2022-02-08 LTS OpenJDK Runtime Environment 18.9 (build 11.0.14.1+1-LTS) OpenJDK 64-Bit Server VM 18.9 (build 11.0.14.1+1-LTS, mixed mode, sharing)); ignoring
configure: (Your Boot JDK version must be one of: 16 17)
configure: Found potential Boot JDK using well-known locations (in /usr/lib/jvm/java-11-openjdk)
configure: Potential Boot JDK found at /usr/lib/jvm/java-11-openjdk is incorrect JDK version (openjdk version "11.0.14.1" 2022-02-08 LTS OpenJDK Runtime Environment 18.9 (build 11.0.14.1+1-LTS) OpenJDK 64-Bit Server VM 18.9 (build 11.0.14.1+1-LTS, mixed mode, sharing)); ignoring
configure: (Your Boot JDK version must be one of: 16 17)
configure: Found potential Boot JDK using well-known locations (in /usr/lib/jvm/java-11)
configure: Potential Boot JDK found at /usr/lib/jvm/java-11 is incorrect JDK version (openjdk version "11.0.14.1" 2022-02-08 LTS OpenJDK Runtime Environment 18.9 (build 11.0.14.1+1-LTS) OpenJDK 64-Bit Server VM 18.9 (build 11.0.14.1+1-LTS, mixed mode, sharing)); ignoring
configure: (Your Boot JDK version must be one of: 16 17)
configure: Found potential Boot JDK using well-known locations (in /usr/lib/jvm/java-1.8.0-openjdk-1.8.0.312.b07-1.el7_9.x86_64)
configure: Potential Boot JDK found at /usr/lib/jvm/java-1.8.0-openjdk-1.8.0.312.b07-1.el7_9.x86_64 is incorrect JDK version (openjdk version "1.8.0_312" OpenJDK Runtime Environment (build 1.8.0_312-b07) OpenJDK 64-Bit Server VM (build 25.312-b07, mixed mode)); ignoring
configure: (Your Boot JDK version must be one of: 16 17)
configure: Found potential Boot JDK using well-known locations (in /usr/lib/jvm/java-1.8.0-openjdk)
configure: Potential Boot JDK found at /usr/lib/jvm/java-1.8.0-openjdk is incorrect JDK version (openjdk version "1.8.0_312" OpenJDK Runtime Environment (build 1.8.0_312-b07) OpenJDK 64-Bit Server VM (build 25.312-b07, mixed mode)); ignoring
configure: (Your Boot JDK version must be one of: 16 17)
configure: Found potential Boot JDK using well-known locations (in /usr/lib/jvm/java-1.8.0)
configure: Potential Boot JDK found at /usr/lib/jvm/java-1.8.0 is incorrect JDK version (openjdk version "1.8.0_312" OpenJDK Runtime Environment (build 1.8.0_312-b07) OpenJDK 64-Bit Server VM (build 25.312-b07, mixed mode)); ignoring
configure: (Your Boot JDK version must be one of: 16 17)
configure: Found potential Boot JDK using well-known locations (in /usr/lib/jvm/java)
configure: Potential Boot JDK found at /usr/lib/jvm/java is incorrect JDK version (openjdk version "1.8.0_312" OpenJDK Runtime Environment (build 1.8.0_312-b07) OpenJDK 64-Bit Server VM (build 25.312-b07, mixed mode)); ignoring
configure: (Your Boot JDK version must be one of: 16 17)
configure: Could not find a valid Boot JDK. OpenJDK distributions are available at http://jdk.java.net/.
configure: This might be fixed by explicitly setting --with-boot-jdk
configure: error: Cannot continue
configure: Configuration created at Mon Jul  3 15:10:39 EEST 2023.
checking for basename... /usr/bin/basename
checking for dirname... /usr/bin/dirname
checking for file... /usr/bin/file
checking for ldd... /usr/bin/ldd
checking for bash... /usr/bin/bash
checking for cat... /usr/bin/cat
checking for chmod... /usr/bin/chmod
checking for cp... /usr/bin/cp
checking for cut... /usr/bin/cut
checking for date... /usr/bin/date
checking for gdiff... [not found]
checking for diff... /usr/bin/diff
checking for echo... echo [builtin]
checking for expr... /usr/bin/expr
checking for find... /usr/bin/find
checking for gunzip... /usr/bin/gunzip
checking for pigz... [not found]
checking for gzip... /usr/bin/gzip
checking for head... /usr/bin/head
checking for ln... /usr/bin/ln
checking for ls... /usr/bin/ls
checking for gmkdir... [not found]
checking for mkdir... /usr/bin/mkdir
checking for mktemp... /usr/bin/mktemp
checking for mv... /usr/bin/mv
checking for gawk... /usr/bin/gawk
checking for printf... printf [builtin]
checking for rm... /usr/bin/rm
checking for rmdir... /usr/bin/rmdir
checking for sh... /usr/bin/sh
checking for sort... /usr/bin/sort
checking for tail... /usr/bin/tail
checking for gtar... /usr/bin/gtar
checking for tee... /usr/bin/tee
checking for touch... /usr/bin/touch
checking for tr... /usr/bin/tr
checking for uname... /usr/bin/uname
checking for wc... /usr/bin/wc
checking for xargs... /usr/bin/xargs
checking for grep that handles long lines and -e... /usr/bin/grep
checking for egrep... /usr/bin/grep -E
checking for fgrep... /usr/bin/grep -F
checking for a sed that does not truncate output... /usr/bin/sed
checking for df... /usr/bin/df
checking for nice... /usr/bin/nice
checking for greadlink... [not found]
checking for readlink... /usr/bin/readlink
checking for cygpath... [not found]
checking for wslpath... [not found]
checking for lsb_release... [not found]
checking for cmd.exe... [not found]
checking for cmp... /usr/bin/cmp
checking for uniq... /usr/bin/uniq
checking build system type... x86_64-unknown-linux-gnu
checking host system type... x86_64-unknown-linux-gnu
checking target system type... x86_64-unknown-linux-gnu
checking openjdk-build os-cpu... linux-x86_64
checking openjdk-build C library... gnu
checking openjdk-target os-cpu... linux-x86_64
checking openjdk-target C library... gnu
configure: --with-target-bits are set to build platform address size; argument has no meaning
checking compilation type... native
checking for top-level directory... /home1/public/konstdelis/teraheap/jdk17u067
checking if custom source is suppressed (openjdk-only)... disabled, default
checking for --enable-debug... disabled, default
checking which debug level to use... release
checking which variants of the JVM to build... server
checking if absolute paths should be allowed in the build output... no, release build
checking for sysroot... 
checking for toolchain path... 
checking for extra path... 
checking where to store configuration... in default location
checking what configuration name to use... linux-x86_64-server-release
checking for zypper... [not found]
checking for apt-get... [not found]
checking for yum... /usr/bin/yum
checking for pandoc... [not found]
checking for gmake... /opt/rh/devtoolset-8/root/usr/bin/gmake
configure: Testing potential make at /opt/rh/devtoolset-8/root/usr/bin/gmake, found using gmake in PATH
configure: Using GNU make at /opt/rh/devtoolset-8/root/usr/bin/gmake (version: GNU Make 4.2.1)
checking if make --output-sync is supported... yes
check msg:for make --output-sync value:
checking for make --output-sync value... recurse, default
checking if find supports -delete... yes
checking what type of tar was found... gnu
checking that grep (/usr/bin/grep) -Fx handles empty lines in the pattern list correctly... yes
checking for unzip... /usr/bin/unzip
checking for zip... /usr/bin/zip
checking for greadelf... [not found]
checking for readelf... /opt/rh/devtoolset-8/root/usr/bin/readelf
checking for dot... [not found]
checking for hg... [not found]
checking for git... /usr/bin/git
checking for stat... /usr/bin/stat
checking for time... time [builtin]
checking for flock... /usr/bin/flock
checking for dtrace... [not found]
checking for gpatch... [not found]
checking for patch... /usr/bin/patch
checking if date is a GNU compatible version... yes
checking for ulimit... ulimit [builtin]
checking bash version... 4.2.46
checking if bash supports pipefail... yes
checking if bash supports errexit (-e)... yes
checking for pkg-config... /usr/bin/pkg-config
checking pkg-config is at least version 0.9.0... yes
checking for default LOG value... 
checking if packaged modules are kept... enabled, default
checking for version string... 17.0.6-internal+0-adhoc.konstdelis.jdk17u067
configure: Your JAVA_HOME points to a non-existing directory!
checking for javac... /usr/bin/javac
checking for java... /usr/bin/java
configure: Found potential Boot JDK using java(c) in PATH
configure: Potential Boot JDK found at /usr/lib/jvm/java-1.8.0-openjdk-1.8.0.312.b07-1.el7_9.x86_64 is incorrect JDK version (openjdk version "1.8.0_312" OpenJDK Runtime Environment (build 1.8.0_312-b07) OpenJDK 64-Bit Server VM (build 25.312-b07, mixed mode)); ignoring
configure: (Your Boot JDK version must be one of: 16 17)
configure: Found potential Boot JDK using well-known locations (in /usr/lib/jvm/jre-openjdk)
configure: Potential Boot JDK found at /usr/lib/jvm/jre-openjdk did not contain bin/javac; ignoring
configure: (This might be an JRE instead of an JDK)
configure: Found potential Boot JDK using well-known locations (in /usr/lib/jvm/jre-11-openjdk-11.0.14.1.1-1.el7_9.x86_64)
configure: Potential Boot JDK found at /usr/lib/jvm/jre-11-openjdk-11.0.14.1.1-1.el7_9.x86_64 is incorrect JDK version (openjdk version "11.0.14.1" 2022-02-08 LTS OpenJDK Runtime Environment 18.9 (build 11.0.14.1+1-LTS) OpenJDK 64-Bit Server VM 18.9 (build 11.0.14.1+1-LTS, mixed mode, sharing)); ignoring
configure: (Your Boot JDK version must be one of: 16 17)
configure: Found potential Boot JDK using well-known locations (in /usr/lib/jvm/jre-11-openjdk)
configure: Potential Boot JDK found at /usr/lib/jvm/jre-11-openjdk is incorrect JDK version (openjdk version "11.0.14.1" 2022-02-08 LTS OpenJDK Runtime Environment 18.9 (build 11.0.14.1+1-LTS) OpenJDK 64-Bit Server VM 18.9 (build 11.0.14.1+1-LTS, mixed mode, sharing)); ignoring
configure: (Your Boot JDK version must be one of: 16 17)
configure: Found potential Boot JDK using well-known locations (in /usr/lib/jvm/jre-11)
configure: Potential Boot JDK found at /usr/lib/jvm/jre-11 is incorrect JDK version (openjdk version "11.0.14.1" 2022-02-08 LTS OpenJDK Runtime Environment 18.9 (build 11.0.14.1+1-LTS) OpenJDK 64-Bit Server VM 18.9 (build 11.0.14.1+1-LTS, mixed mode, sharing)); ignoring
configure: (Your Boot JDK version must be one of: 16 17)
configure: Found potential Boot JDK using well-known locations (in /usr/lib/jvm/jre-1.8.0-openjdk-1.8.0.312.b07-1.el7_9.x86_64)
configure: Potential Boot JDK found at /usr/lib/jvm/jre-1.8.0-openjdk-1.8.0.312.b07-1.el7_9.x86_64 did not contain bin/javac; ignoring
configure: (This might be an JRE instead of an JDK)
configure: Found potential Boot JDK using well-known locations (in /usr/lib/jvm/jre-1.8.0-openjdk)
configure: Potential Boot JDK found at /usr/lib/jvm/jre-1.8.0-openjdk did not contain bin/javac; ignoring
configure: (This might be an JRE instead of an JDK)
configure: Found potential Boot JDK using well-known locations (in /usr/lib/jvm/jre-1.8.0)
configure: Potential Boot JDK found at /usr/lib/jvm/jre-1.8.0 did not contain bin/javac; ignoring
configure: (This might be an JRE instead of an JDK)
configure: Found potential Boot JDK using well-known locations (in /usr/lib/jvm/jre)
configure: Potential Boot JDK found at /usr/lib/jvm/jre did not contain bin/javac; ignoring
configure: (This might be an JRE instead of an JDK)
configure: Found potential Boot JDK using well-known locations (in /usr/lib/jvm/java-openjdk)
configure: Potential Boot JDK found at /usr/lib/jvm/java-openjdk is incorrect JDK version (openjdk version "1.8.0_312" OpenJDK Runtime Environment (build 1.8.0_312-b07) OpenJDK 64-Bit Server VM (build 25.312-b07, mixed mode)); ignoring
configure: (Your Boot JDK version must be one of: 16 17)
configure: Found potential Boot JDK using well-known locations (in /usr/lib/jvm/java-11-openjdk-11.0.14.1.1-1.el7_9.x86_64)
configure: Potential Boot JDK found at /usr/lib/jvm/java-11-openjdk-11.0.14.1.1-1.el7_9.x86_64 is incorrect JDK version (openjdk version "11.0.14.1" 2022-02-08 LTS OpenJDK Runtime Environment 18.9 (build 11.0.14.1+1-LTS) OpenJDK 64-Bit Server VM 18.9 (build 11.0.14.1+1-LTS, mixed mode, sharing)); ignoring
configure: (Your Boot JDK version must be one of: 16 17)
configure: Found potential Boot JDK using well-known locations (in /usr/lib/jvm/java-11-openjdk)
configure: Potential Boot JDK found at /usr/lib/jvm/java-11-openjdk is incorrect JDK version (openjdk version "11.0.14.1" 2022-02-08 LTS OpenJDK Runtime Environment 18.9 (build 11.0.14.1+1-LTS) OpenJDK 64-Bit Server VM 18.9 (build 11.0.14.1+1-LTS, mixed mode, sharing)); ignoring
configure: (Your Boot JDK version must be one of: 16 17)
configure: Found potential Boot JDK using well-known locations (in /usr/lib/jvm/java-11)
configure: Potential Boot JDK found at /usr/lib/jvm/java-11 is incorrect JDK version (openjdk version "11.0.14.1" 2022-02-08 LTS OpenJDK Runtime Environment 18.9 (build 11.0.14.1+1-LTS) OpenJDK 64-Bit Server VM 18.9 (build 11.0.14.1+1-LTS, mixed mode, sharing)); ignoring
configure: (Your Boot JDK version must be one of: 16 17)
configure: Found potential Boot JDK using well-known locations (in /usr/lib/jvm/java-1.8.0-openjdk-1.8.0.312.b07-1.el7_9.x86_64)
configure: Potential Boot JDK found at /usr/lib/jvm/java-1.8.0-openjdk-1.8.0.312.b07-1.el7_9.x86_64 is incorrect JDK version (openjdk version "1.8.0_312" OpenJDK Runtime Environment (build 1.8.0_312-b07) OpenJDK 64-Bit Server VM (build 25.312-b07, mixed mode)); ignoring
configure: (Your Boot JDK version must be one of: 16 17)
configure: Found potential Boot JDK using well-known locations (in /usr/lib/jvm/java-1.8.0-openjdk)
configure: Potential Boot JDK found at /usr/lib/jvm/java-1.8.0-openjdk is incorrect JDK version (openjdk version "1.8.0_312" OpenJDK Runtime Environment (build 1.8.0_312-b07) OpenJDK 64-Bit Server VM (build 25.312-b07, mixed mode)); ignoring
configure: (Your Boot JDK version must be one of: 16 17)
configure: Found potential Boot JDK using well-known locations (in /usr/lib/jvm/java-1.8.0)
configure: Potential Boot JDK found at /usr/lib/jvm/java-1.8.0 is incorrect JDK version (openjdk version "1.8.0_312" OpenJDK Runtime Environment (build 1.8.0_312-b07) OpenJDK 64-Bit Server VM (build 25.312-b07, mixed mode)); ignoring
configure: (Your Boot JDK version must be one of: 16 17)
configure: Found potential Boot JDK using well-known locations (in /usr/lib/jvm/java)
configure: Potential Boot JDK found at /usr/lib/jvm/java is incorrect JDK version (openjdk version "1.8.0_312" OpenJDK Runtime Environment (build 1.8.0_312-b07) OpenJDK 64-Bit Server VM (build 25.312-b07, mixed mode)); ignoring
configure: (Your Boot JDK version must be one of: 16 17)
configure: Could not find a valid Boot JDK. OpenJDK distributions are available at http://jdk.java.net/.
configure: This might be fixed by explicitly setting --with-boot-jdk
configure: error: Cannot continue
