configure: Configuration created at Fri Nov  1 08:31:16 UTC 2024.
configure: configure script generated at timestamp 1652838310.
checking for basename... /usr/bin/basename
checking for bash... /usr/bin/bash
checking for cat... /usr/bin/cat
checking for chmod... /usr/bin/chmod
checking for cmp... /usr/bin/cmp
checking for comm... /usr/bin/comm
checking for cp... /usr/bin/cp
checking for cut... /usr/bin/cut
checking for date... /usr/bin/date
checking for gdiff... no
checking for diff... /usr/bin/diff
checking for dirname... /usr/bin/dirname
checking for echo... /usr/bin/echo
checking for expr... /usr/bin/expr
checking for file... /usr/bin/file
checking for find... /usr/bin/find
checking for head... /usr/bin/head
checking for ln... /usr/bin/ln
checking for ls... /usr/bin/ls
checking for mkdir... /usr/bin/mkdir
checking for mktemp... /usr/bin/mktemp
checking for mv... /usr/bin/mv
checking for nawk... /usr/bin/nawk
checking for printf... /usr/bin/printf
checking for rm... /usr/bin/rm
checking for sh... /usr/bin/sh
checking for sort... /usr/bin/sort
checking for tail... /usr/bin/tail
checking for tar... /usr/bin/tar
checking for tee... /usr/bin/tee
checking for touch... /usr/bin/touch
checking for tr... /usr/bin/tr
checking for uname... /usr/bin/uname
checking for uniq... /usr/bin/uniq
checking for wc... /usr/bin/wc
checking for which... /usr/bin/which
checking for xargs... /usr/bin/xargs
checking for gawk... gawk
checking for grep that handles long lines and -e... /usr/bin/grep
checking for egrep... /usr/bin/grep -E
checking for fgrep... /usr/bin/grep -F
checking for a sed that does not truncate output... /usr/bin/sed
checking for cygpath... no
checking for greadlink... no
checking for readlink... /usr/bin/readlink
checking for df... /usr/bin/df
checking for SetFile... no
checking for cpio... /usr/bin/cpio
checking build system type... x86_64-unknown-linux-gnu
checking host system type... x86_64-unknown-linux-gnu
checking target system type... x86_64-unknown-linux-gnu
checking openjdk-build os-cpu... linux-x86_64
checking openjdk-target os-cpu... linux-x86_64
configure: --with-target-bits are set to build platform address size; argument has no meaning
checking compilation type... native
checking for top-level directory... /spare/kd/teraheap/jdk8u345
checking for presence of closed sources... no
checking if closed source is suppressed (openjdk-only)... no
checking which variant of the JDK to build... normal
checking which interpreter of the JVM to build... template
checking which variants of the JVM to build... server
checking which debug level to use... release
checking for sysroot... 
checking for toolchain path... 
checking for extra path... 
checking where to store configuration... in default location
checking what configuration name to use... linux-x86_64-normal-server-release
checking for apt-get... apt-get
checking for gmake... no
checking for make... /usr/bin/make
configure: Testing potential make at /usr/bin/make, found using make in PATH
configure: Using GNU make 3.81 (or later) at /usr/bin/make (version: GNU Make 4.2.1)
checking if find supports -delete... yes
checking for unzip... /usr/bin/unzip
checking for zip... /usr/bin/zip
checking for ldd... /usr/bin/ldd
checking for readelf... /usr/bin/readelf
checking for hg... no
checking for git... /usr/bin/git
checking for stat... /usr/bin/stat
checking for time... /usr/bin/time
checking for pkg-config... /usr/bin/pkg-config
checking pkg-config is at least version 0.9.0... yes
checking for 7z... no
checking for unzip... unzip
checking for wget... wget
checking headful support... include support for both headful and headless
checking whether to build JFR... true
configure: error: The path of JAVA_HOME_PROCESSED, which resolves as "/usr/lib/jvm/java-1.8.0-openjdk", is not found.
