This file contains any messages produced by compilers while
running configure, to aid debugging if configure makes a mistake.

It was created by OpenJDK configure jdk8, which was
generated by GNU Autoconf 2.69.  Invocation command line was

  $ /spare/kd/teraheap/jdk8u345/configure --enable-option-checking=fatal --with-jobs=32 --disable-debug-symbols --with-extra-cflags=-O3 --with-extra-cxxflags=-O3 --with-target-bits=64 --with-extra-ldflags=-lregions

## --------- ##
## Platform. ##
## --------- ##

hostname = sith1
uname -m = x86_64
uname -r = 5.4.0-196-generic
uname -s = Linux
uname -v = #216-Ubuntu SMP Thu Aug 29 13:26:53 UTC 2024

/usr/bin/uname -p = x86_64
/bin/uname -X     = unknown

/bin/arch              = x86_64
/usr/bin/arch -k       = unknown
/usr/convex/getsysinfo = unknown
/usr/bin/hostinfo      = unknown
/bin/machine           = unknown
/usr/bin/oslevel       = unknown
/bin/universe          = unknown

PATH: /spare/kd/teraheap/jdk8u345/..//allocator/include/
PATH: /spare/kd/tera_applications/giraph/hadoop-2.4.0/sbin
PATH: /spare/kd/tera_applications/giraph/hadoop-2.4.0/bin
PATH: /home1/public/konstdelis/neovim/build/bin
PATH: /spare/kd/teraheap/tera_malloc/include
PATH: /spare/kd/teraheap/allocator/include
PATH: /home1/public/konstdelis/.local/bin
PATH: /usr/local/sbin
PATH: /usr/local/bin
PATH: /usr/sbin
PATH: /usr/bin
PATH: /sbin
PATH: /bin
PATH: /usr/games
PATH: /usr/local/games
PATH: /snap/bin
PATH: /home1/public/konstdelis/bin


## ----------- ##
## Core tests. ##
## ----------- ##

configure:4451: Configuration created at Fri Nov  1 08:31:16 UTC 2024.
configure:4453: configure script generated at timestamp 1652838310.
configure:4476: checking for basename
configure:4494: found /usr/bin/basename
configure:4506: result: /usr/bin/basename
configure:4727: checking for bash
configure:4757: result: /usr/bin/bash
configure:4862: checking for cat
configure:4880: found /usr/bin/cat
configure:4892: result: /usr/bin/cat
configure:5055: checking for chmod
configure:5073: found /usr/bin/chmod
configure:5085: result: /usr/bin/chmod
configure:5248: checking for cmp
configure:5266: found /usr/bin/cmp
configure:5278: result: /usr/bin/cmp
configure:5441: checking for comm
configure:5459: found /usr/bin/comm
configure:5471: result: /usr/bin/comm
configure:5634: checking for cp
configure:5652: found /usr/bin/cp
configure:5664: result: /usr/bin/cp
configure:5827: checking for cut
configure:5845: found /usr/bin/cut
configure:5857: result: /usr/bin/cut
configure:6020: checking for date
configure:6038: found /usr/bin/date
configure:6050: result: /usr/bin/date
configure:6213: checking for gdiff
configure:6246: result: no
configure:6213: checking for diff
configure:6231: found /usr/bin/diff
configure:6243: result: /usr/bin/diff
configure:6406: checking for dirname
configure:6424: found /usr/bin/dirname
configure:6436: result: /usr/bin/dirname
configure:6599: checking for echo
configure:6617: found /usr/bin/echo
configure:6629: result: /usr/bin/echo
configure:6792: checking for expr
configure:6810: found /usr/bin/expr
configure:6822: result: /usr/bin/expr
configure:6985: checking for file
configure:7003: found /usr/bin/file
configure:7015: result: /usr/bin/file
configure:7178: checking for find
configure:7196: found /usr/bin/find
configure:7208: result: /usr/bin/find
configure:7371: checking for head
configure:7389: found /usr/bin/head
configure:7401: result: /usr/bin/head
configure:7564: checking for ln
configure:7582: found /usr/bin/ln
configure:7594: result: /usr/bin/ln
configure:7757: checking for ls
configure:7775: found /usr/bin/ls
configure:7787: result: /usr/bin/ls
configure:7950: checking for mkdir
configure:7968: found /usr/bin/mkdir
configure:7980: result: /usr/bin/mkdir
configure:8143: checking for mktemp
configure:8161: found /usr/bin/mktemp
configure:8173: result: /usr/bin/mktemp
configure:8336: checking for mv
configure:8354: found /usr/bin/mv
configure:8366: result: /usr/bin/mv
configure:8529: checking for nawk
configure:8547: found /usr/bin/nawk
configure:8559: result: /usr/bin/nawk
configure:8722: checking for printf
configure:8740: found /usr/bin/printf
configure:8752: result: /usr/bin/printf
configure:8915: checking for rm
configure:8933: found /usr/bin/rm
configure:8945: result: /usr/bin/rm
configure:9108: checking for sh
configure:9126: found /usr/bin/sh
configure:9138: result: /usr/bin/sh
configure:9301: checking for sort
configure:9319: found /usr/bin/sort
configure:9331: result: /usr/bin/sort
configure:9494: checking for tail
configure:9512: found /usr/bin/tail
configure:9524: result: /usr/bin/tail
configure:9687: checking for tar
configure:9705: found /usr/bin/tar
configure:9717: result: /usr/bin/tar
configure:9880: checking for tee
configure:9898: found /usr/bin/tee
configure:9910: result: /usr/bin/tee
configure:10073: checking for touch
configure:10091: found /usr/bin/touch
configure:10103: result: /usr/bin/touch
configure:10266: checking for tr
configure:10284: found /usr/bin/tr
configure:10296: result: /usr/bin/tr
configure:10459: checking for uname
configure:10477: found /usr/bin/uname
configure:10489: result: /usr/bin/uname
configure:10652: checking for uniq
configure:10670: found /usr/bin/uniq
configure:10682: result: /usr/bin/uniq
configure:10845: checking for wc
configure:10863: found /usr/bin/wc
configure:10875: result: /usr/bin/wc
configure:11038: checking for which
configure:11056: found /usr/bin/which
configure:11068: result: /usr/bin/which
configure:11231: checking for xargs
configure:11249: found /usr/bin/xargs
configure:11261: result: /usr/bin/xargs
configure:11425: checking for gawk
configure:11441: found /usr/bin/gawk
configure:11452: result: gawk
configure:11606: checking for grep that handles long lines and -e
configure:11664: result: /usr/bin/grep
configure:11833: checking for egrep
configure:11895: result: /usr/bin/grep -E
configure:12068: checking for fgrep
configure:12130: result: /usr/bin/grep -F
configure:12303: checking for a sed that does not truncate output
configure:12367: result: /usr/bin/sed
configure:12555: checking for cygpath
configure:12588: result: no
configure:12741: checking for greadlink
configure:12774: result: no
configure:12741: checking for readlink
configure:12759: found /usr/bin/readlink
configure:12771: result: /usr/bin/readlink
configure:12927: checking for df
configure:12945: found /usr/bin/df
configure:12957: result: /usr/bin/df
configure:13113: checking for SetFile
configure:13146: result: no
configure:13299: checking for cpio
configure:13317: found /usr/bin/cpio
configure:13329: result: /usr/bin/cpio
configure:13482: checking build system type
configure:13496: result: x86_64-unknown-linux-gnu
configure:13516: checking host system type
configure:13529: result: x86_64-unknown-linux-gnu
configure:13549: checking target system type
configure:13562: result: x86_64-unknown-linux-gnu
configure:13741: checking openjdk-build os-cpu
configure:13743: result: linux-x86_64
configure:13879: checking openjdk-target os-cpu
configure:13881: result: linux-x86_64
configure:13923: --with-target-bits are set to build platform address size; argument has no meaning
configure:13931: checking compilation type
configure:13933: result: native
configure:14188: checking for top-level directory
configure:14190: result: /spare/kd/teraheap/jdk8u345
configure:14465: checking for presence of closed sources
configure:14472: result: no
configure:14475: checking if closed source is suppressed (openjdk-only)
configure:14478: result: no
configure:14515: checking which variant of the JDK to build
configure:14532: result: normal
configure:14542: checking which interpreter of the JVM to build
configure:14563: result: template
configure:14580: checking which variants of the JVM to build
configure:14599: result: server
configure:14671: checking which debug level to use
configure:14695: result: release
configure:15141: checking for sysroot
configure:15143: result: 
configure:15145: checking for toolchain path
configure:15147: result: 
configure:15149: checking for extra path
configure:15151: result: 
configure:15167: checking where to store configuration
configure:15175: result: in default location
configure:15233: checking what configuration name to use
configure:15235: result: linux-x86_64-normal-server-release
configure:15399: checking for apt-get
configure:15415: found /usr/bin/apt-get
configure:15426: result: apt-get
configure:15780: checking for gmake
configure:15813: result: no
configure:16150: checking for make
configure:16168: found /usr/bin/make
configure:16180: result: /usr/bin/make
configure:16195: Testing potential make at /usr/bin/make, found using make in PATH
configure:17270: Using GNU make 3.81 (or later) at /usr/bin/make (version: GNU Make 4.2.1)
configure:17276: checking if find supports -delete
configure:17292: result: yes
configure:17313: checking for unzip
configure:17331: found /usr/bin/unzip
configure:17343: result: /usr/bin/unzip
configure:17506: checking for zip
configure:17524: found /usr/bin/zip
configure:17536: result: /usr/bin/zip
configure:17701: checking for ldd
configure:17719: found /usr/bin/ldd
configure:17731: result: /usr/bin/ldd
configure:17893: checking for readelf
configure:17911: found /usr/bin/readelf
configure:17923: result: /usr/bin/readelf
configure:18079: checking for hg
configure:18112: result: no
configure:18265: checking for git
configure:18283: found /usr/bin/git
configure:18295: result: /usr/bin/git
configure:18451: checking for stat
configure:18469: found /usr/bin/stat
configure:18481: result: /usr/bin/stat
configure:18637: checking for time
configure:18655: found /usr/bin/time
configure:18667: result: /usr/bin/time
configure:19659: checking for pkg-config
configure:19677: found /usr/bin/pkg-config
configure:19689: result: /usr/bin/pkg-config
configure:19714: checking pkg-config is at least version 0.9.0
configure:19717: result: yes
configure:19832: checking for 7z
configure:19862: result: no
configure:19832: checking for unzip
configure:19848: found /usr/bin/unzip
configure:19859: result: unzip
configure:19878: checking for wget
configure:19894: found /usr/bin/wget
configure:19905: result: wget
configure:19932: checking headful support
configure:19956: result: include support for both headful and headless
configure:20029: checking whether to build JFR
configure:20059: result: true
configure:20911: error: The path of JAVA_HOME_PROCESSED, which resolves as "/usr/lib/jvm/java-1.8.0-openjdk", is not found.

## ---------------- ##
## Cache variables. ##
## ---------------- ##

ac_cv_build=x86_64-unknown-linux-gnu
ac_cv_env_ALSA_CFLAGS_set=
ac_cv_env_ALSA_CFLAGS_value=
ac_cv_env_ALSA_LIBS_set=
ac_cv_env_ALSA_LIBS_value=
ac_cv_env_AR_set=
ac_cv_env_AR_value=
ac_cv_env_AS_set=
ac_cv_env_AS_value=
ac_cv_env_AWK_set=
ac_cv_env_AWK_value=
ac_cv_env_BASENAME_set=
ac_cv_env_BASENAME_value=
ac_cv_env_BASH_set=set
ac_cv_env_BASH_value=/usr/bin/bash
ac_cv_env_BUILD_CC_set=
ac_cv_env_BUILD_CC_value=
ac_cv_env_BUILD_CXX_set=
ac_cv_env_BUILD_CXX_value=
ac_cv_env_BUILD_LD_set=
ac_cv_env_BUILD_LD_value=
ac_cv_env_CAT_set=
ac_cv_env_CAT_value=
ac_cv_env_CCACHE_set=
ac_cv_env_CCACHE_value=
ac_cv_env_CCC_set=
ac_cv_env_CCC_value=
ac_cv_env_CC_set=set
ac_cv_env_CC_value=/usr/bin/gcc
ac_cv_env_CFLAGS_set=
ac_cv_env_CFLAGS_value=
ac_cv_env_CHMOD_set=
ac_cv_env_CHMOD_value=
ac_cv_env_CMP_set=
ac_cv_env_CMP_value=
ac_cv_env_CODESIGN_set=
ac_cv_env_CODESIGN_value=
ac_cv_env_COMM_set=
ac_cv_env_COMM_value=
ac_cv_env_CPIO_set=
ac_cv_env_CPIO_value=
ac_cv_env_CPPFLAGS_set=
ac_cv_env_CPPFLAGS_value=
ac_cv_env_CPP_set=
ac_cv_env_CPP_value=
ac_cv_env_CP_set=
ac_cv_env_CP_value=
ac_cv_env_CUT_set=
ac_cv_env_CUT_value=
ac_cv_env_CXXCPP_set=
ac_cv_env_CXXCPP_value=
ac_cv_env_CXXFLAGS_set=
ac_cv_env_CXXFLAGS_value=
ac_cv_env_CXX_set=set
ac_cv_env_CXX_value=/usr/bin/g++
ac_cv_env_CYGPATH_set=
ac_cv_env_CYGPATH_value=
ac_cv_env_DATE_set=
ac_cv_env_DATE_value=
ac_cv_env_DF_set=
ac_cv_env_DF_value=
ac_cv_env_DIFF_set=
ac_cv_env_DIFF_value=
ac_cv_env_DIRNAME_set=
ac_cv_env_DIRNAME_value=
ac_cv_env_DSYMUTIL_set=
ac_cv_env_DSYMUTIL_value=
ac_cv_env_ECHO_set=
ac_cv_env_ECHO_value=
ac_cv_env_EGREP_set=
ac_cv_env_EGREP_value=
ac_cv_env_EXPR_set=
ac_cv_env_EXPR_value=
ac_cv_env_FGREP_set=
ac_cv_env_FGREP_value=
ac_cv_env_FILE_set=
ac_cv_env_FILE_value=
ac_cv_env_FIND_set=
ac_cv_env_FIND_value=
ac_cv_env_FREETYPE_CFLAGS_set=
ac_cv_env_FREETYPE_CFLAGS_value=
ac_cv_env_FREETYPE_LIBS_set=
ac_cv_env_FREETYPE_LIBS_value=
ac_cv_env_GIT_set=
ac_cv_env_GIT_value=
ac_cv_env_GNM_set=
ac_cv_env_GNM_value=
ac_cv_env_GREP_set=
ac_cv_env_GREP_value=
ac_cv_env_HEAD_set=
ac_cv_env_HEAD_value=
ac_cv_env_HG_set=
ac_cv_env_HG_value=
ac_cv_env_JTREGEXE_set=
ac_cv_env_JTREGEXE_value=
ac_cv_env_LDD_set=
ac_cv_env_LDD_value=
ac_cv_env_LDFLAGS_set=
ac_cv_env_LDFLAGS_value=
ac_cv_env_LIBFFI_CFLAGS_set=
ac_cv_env_LIBFFI_CFLAGS_value=
ac_cv_env_LIBFFI_LIBS_set=
ac_cv_env_LIBFFI_LIBS_value=
ac_cv_env_LIBS_set=
ac_cv_env_LIBS_value=
ac_cv_env_LIPO_set=
ac_cv_env_LIPO_value=
ac_cv_env_LN_set=
ac_cv_env_LN_value=
ac_cv_env_LS_set=
ac_cv_env_LS_value=
ac_cv_env_MCS_set=
ac_cv_env_MCS_value=
ac_cv_env_MKDIR_set=
ac_cv_env_MKDIR_value=
ac_cv_env_MKTEMP_set=
ac_cv_env_MKTEMP_value=
ac_cv_env_MV_set=
ac_cv_env_MV_value=
ac_cv_env_NAWK_set=
ac_cv_env_NAWK_value=
ac_cv_env_NM_set=
ac_cv_env_NM_value=
ac_cv_env_OBJCFLAGS_set=
ac_cv_env_OBJCFLAGS_value=
ac_cv_env_OBJCOPY_set=
ac_cv_env_OBJCOPY_value=
ac_cv_env_OBJC_set=
ac_cv_env_OBJC_value=
ac_cv_env_OBJDUMP_set=
ac_cv_env_OBJDUMP_value=
ac_cv_env_PKG_CONFIG_set=
ac_cv_env_PKG_CONFIG_value=
ac_cv_env_PRINTF_set=
ac_cv_env_PRINTF_value=
ac_cv_env_READELF_set=
ac_cv_env_READELF_value=
ac_cv_env_READLINK_set=
ac_cv_env_READLINK_value=
ac_cv_env_RM_set=
ac_cv_env_RM_value=
ac_cv_env_SED_set=
ac_cv_env_SED_value=
ac_cv_env_SETFILE_set=
ac_cv_env_SETFILE_value=
ac_cv_env_SH_set=
ac_cv_env_SH_value=
ac_cv_env_SORT_set=
ac_cv_env_SORT_value=
ac_cv_env_STAT_set=
ac_cv_env_STAT_value=
ac_cv_env_STRIP_set=
ac_cv_env_STRIP_value=
ac_cv_env_TAIL_set=
ac_cv_env_TAIL_value=
ac_cv_env_TAR_set=
ac_cv_env_TAR_value=
ac_cv_env_TEE_set=
ac_cv_env_TEE_value=
ac_cv_env_TIME_set=
ac_cv_env_TIME_value=
ac_cv_env_TOUCH_set=
ac_cv_env_TOUCH_value=
ac_cv_env_TR_set=
ac_cv_env_TR_value=
ac_cv_env_UNAME_set=
ac_cv_env_UNAME_value=
ac_cv_env_UNIQ_set=
ac_cv_env_UNIQ_value=
ac_cv_env_UNZIP_set=
ac_cv_env_UNZIP_value=
ac_cv_env_WC_set=
ac_cv_env_WC_value=
ac_cv_env_WHICH_set=
ac_cv_env_WHICH_value=
ac_cv_env_XARGS_set=
ac_cv_env_XARGS_value=
ac_cv_env_XATTR_set=
ac_cv_env_XATTR_value=
ac_cv_env_XMKMF_set=
ac_cv_env_XMKMF_value=
ac_cv_env_ZIP_set=
ac_cv_env_ZIP_value=
ac_cv_env_build_alias_set=
ac_cv_env_build_alias_value=
ac_cv_env_host_alias_set=
ac_cv_env_host_alias_value=
ac_cv_env_target_alias_set=
ac_cv_env_target_alias_value=
ac_cv_host=x86_64-unknown-linux-gnu
ac_cv_path_BASENAME=/usr/bin/basename
ac_cv_path_BASH=/usr/bin/bash
ac_cv_path_CAT=/usr/bin/cat
ac_cv_path_CHECK_MAKE=/usr/bin/make
ac_cv_path_CHMOD=/usr/bin/chmod
ac_cv_path_CMP=/usr/bin/cmp
ac_cv_path_COMM=/usr/bin/comm
ac_cv_path_CP=/usr/bin/cp
ac_cv_path_CPIO=/usr/bin/cpio
ac_cv_path_CUT=/usr/bin/cut
ac_cv_path_DATE=/usr/bin/date
ac_cv_path_DF=/usr/bin/df
ac_cv_path_DIFF=/usr/bin/diff
ac_cv_path_DIRNAME=/usr/bin/dirname
ac_cv_path_ECHO=/usr/bin/echo
ac_cv_path_EGREP='/usr/bin/grep -E'
ac_cv_path_EXPR=/usr/bin/expr
ac_cv_path_FGREP='/usr/bin/grep -F'
ac_cv_path_FILE=/usr/bin/file
ac_cv_path_FIND=/usr/bin/find
ac_cv_path_GIT=/usr/bin/git
ac_cv_path_GREP=/usr/bin/grep
ac_cv_path_HEAD=/usr/bin/head
ac_cv_path_LDD=/usr/bin/ldd
ac_cv_path_LN=/usr/bin/ln
ac_cv_path_LS=/usr/bin/ls
ac_cv_path_MKDIR=/usr/bin/mkdir
ac_cv_path_MKTEMP=/usr/bin/mktemp
ac_cv_path_MV=/usr/bin/mv
ac_cv_path_NAWK=/usr/bin/nawk
ac_cv_path_PRINTF=/usr/bin/printf
ac_cv_path_READELF=/usr/bin/readelf
ac_cv_path_READLINK=/usr/bin/readlink
ac_cv_path_RM=/usr/bin/rm
ac_cv_path_SED=/usr/bin/sed
ac_cv_path_SH=/usr/bin/sh
ac_cv_path_SORT=/usr/bin/sort
ac_cv_path_STAT=/usr/bin/stat
ac_cv_path_TAIL=/usr/bin/tail
ac_cv_path_TAR=/usr/bin/tar
ac_cv_path_TEE=/usr/bin/tee
ac_cv_path_TIME=/usr/bin/time
ac_cv_path_TOUCH=/usr/bin/touch
ac_cv_path_TR=/usr/bin/tr
ac_cv_path_UNAME=/usr/bin/uname
ac_cv_path_UNIQ=/usr/bin/uniq
ac_cv_path_UNZIP=/usr/bin/unzip
ac_cv_path_WC=/usr/bin/wc
ac_cv_path_WHICH=/usr/bin/which
ac_cv_path_XARGS=/usr/bin/xargs
ac_cv_path_ZIP=/usr/bin/zip
ac_cv_path_ac_pt_PKG_CONFIG=/usr/bin/pkg-config
ac_cv_prog_AWK=gawk
ac_cv_prog_BDEPS_FTP=wget
ac_cv_prog_BDEPS_UNZIP=unzip
ac_cv_prog_PKGHANDLER=apt-get
ac_cv_target=x86_64-unknown-linux-gnu

## ----------------- ##
## Output variables. ##
## ----------------- ##

ADD_SRC_ROOT=''
ALSA_CFLAGS=''
ALSA_LIBS=''
AR=''
ARFLAGS=''
AR_OUT_OPTION=''
AS=''
ASFLAGS_DEBUG_SYMBOLS=''
AWK='gawk'
BASENAME='/usr/bin/basename'
BASH='/usr/bin/bash'
BDEPS_FTP='wget'
BDEPS_UNZIP='unzip'
BOOT_JDK=''
BOOT_JDK_BITS=''
BOOT_JDK_SOURCETARGET=''
BOOT_RTJAR=''
BOOT_TOOLSJAR=''
BUILD_CC=''
BUILD_CXX=''
BUILD_HEADLESS='BUILD_HEADLESS:=true'
BUILD_HOTSPOT=''
BUILD_LD=''
BUILD_LOG='$(OUTPUT_ROOT)/build.log'
BUILD_LOG_PREVIOUS='$(OUTPUT_ROOT)/build.log.old'
BUILD_LOG_WRAPPER='$(BASH) $(SRC_ROOT)/common/bin/logger.sh $(BUILD_LOG)'
BUILD_OUTPUT=''
BUILD_VARIANT_RELEASE=''
CACERTS_FILE=''
CAT='/usr/bin/cat'
CC='/usr/bin/gcc'
CCACHE=''
CC_OUT_OPTION=''
CC_VERSION_NUMBER=''
CFLAGS=''
CFLAGS_DEBUG_SYMBOLS=''
CFLAGS_JDKEXE=''
CFLAGS_JDKLIB=''
CHECK_GMAKE=''
CHECK_MAKE='/usr/bin/make'
CHECK_TOOLSDIR_GMAKE=''
CHECK_TOOLSDIR_MAKE=''
CHMOD='/usr/bin/chmod'
CMP='/usr/bin/cmp'
CODESIGN=''
COMM='/usr/bin/comm'
COMPANY_NAME='N/A'
COMPILER_SUPPORTS_TARGET_BITS_FLAG=''
COMPILER_TARGET_BITS_FLAG=''
COMPILE_TYPE='native'
COMPRESS_JARS='false'
CONFIGURE_COMMAND_LINE='--with-jobs=32 --disable-debug-symbols --with-extra-cflags=-O3 --with-extra-cxxflags=-O3 --with-target-bits=64 --with-extra-ldflags=-lregions'
CONF_NAME='linux-x86_64-normal-server-release'
COOKED_BUILD_NUMBER='0'
COOKED_JDK_UPDATE_VERSION='3450'
COPYRIGHT_YEAR='2024'
CORBA_TOPDIR=''
CP='/usr/bin/cp'
CPIO='/usr/bin/cpio'
CPP=''
CPPFLAGS=''
CUPS_CFLAGS=''
CUSTOM_MAKE_DIR=''
CUT='/usr/bin/cut'
CXX='/usr/bin/g++'
CXXCPP=''
CXXFLAGS=''
CXXFLAGS_DEBUG_SYMBOLS=''
CXXFLAGS_JDKEXE=''
CXXFLAGS_JDKLIB=''
CXXSTD_CXXFLAG=''
CXX_FLAG_DEPS=''
CXX_FLAG_REORDER=''
CXX_O_FLAG_HI=''
CXX_O_FLAG_HIGHEST=''
CXX_O_FLAG_NONE=''
CXX_O_FLAG_NORM=''
CXX_VERSION_NUMBER=''
CYGPATH=''
CYGWIN_LINK=''
C_FLAG_DEPS=''
C_FLAG_REORDER=''
C_O_FLAG_HI=''
C_O_FLAG_HIGHEST=''
C_O_FLAG_NONE=''
C_O_FLAG_NORM=''
DATE='/usr/bin/date'
DATE_WHEN_CONFIGURED='Fri Nov  1 08:31:16 UTC 2024'
DEBUG_BINARIES=''
DEBUG_CLASSFILES='false'
DEBUG_LEVEL='release'
DEFINE_CROSS_COMPILE_ARCH=''
DEFS=''
DEVKIT_LIB_DIR=''
DF='/usr/bin/df'
DIFF='/usr/bin/diff'
DIRNAME='/usr/bin/dirname'
DSYMUTIL=''
DUMPBIN=''
ECHO='/usr/bin/echo'
ECHO_C=''
ECHO_N='-n'
ECHO_T=''
EGREP='/usr/bin/grep -E'
ENABLE_DEBUG_SYMBOLS=''
ENABLE_INTREE_EC=''
ENABLE_JFR='true'
ENABLE_SJAVAC=''
EXEEXT=''
EXE_OUT_OPTION=''
EXE_SUFFIX=''
EXPR='/usr/bin/expr'
FASTDEBUG='false'
FDLIBM_CFLAGS=''
FGREP='/usr/bin/grep -F'
FILE='/usr/bin/file'
FIND='/usr/bin/find'
FIND_DELETE='-delete'
FIXPATH=''
FONTCONFIG_CFLAGS=''
FREETYPE_BUNDLE_LIB_PATH=''
FREETYPE_CFLAGS=''
FREETYPE_LIBS=''
GIT='/usr/bin/git'
GNM=''
GREP='/usr/bin/grep'
HEAD='/usr/bin/head'
HG=''
HOTSPOT_CXX=''
HOTSPOT_DIST=''
HOTSPOT_LD=''
HOTSPOT_MAKE_ARGS=''
HOTSPOT_MT=''
HOTSPOT_RC=''
HOTSPOT_TOPDIR=''
INCLUDE_SA='true'
IS_GNU_TIME='yes'
JAVAC_CHECK=''
JAVAC_FLAGS=''
JAVA_CHECK=''
JAVA_FLAGS=''
JAVA_FLAGS_BIG=''
JAVA_FLAGS_SMALL=''
JAXP_TOPDIR=''
JAXWS_TOPDIR=''
JDK_BUILD_NUMBER='b00'
JDK_MAJOR_VERSION='1'
JDK_MICRO_VERSION='0'
JDK_MINOR_VERSION='8'
JDK_RC_PLATFORM_NAME='Platform'
JDK_TOPDIR=''
JDK_UPDATE_VERSION='345'
JDK_VARIANT='normal'
JDK_VERSION='1.8.0_345'
JOBS=''
JTREGEXE=''
JT_HOME=''
JVM_INTERPRETER='template'
JVM_VARIANTS=',server,'
JVM_VARIANT_CLIENT='false'
JVM_VARIANT_CORE='false'
JVM_VARIANT_KERNEL='false'
JVM_VARIANT_MINIMAL1='false'
JVM_VARIANT_SERVER='true'
JVM_VARIANT_ZERO='false'
JVM_VARIANT_ZEROSHARK='false'
LANGTOOLS_TOPDIR=''
LAUNCHER_NAME='openjdk'
LD=''
LDCXX=''
LDD='/usr/bin/ldd'
LDEXE=''
LDEXECXX=''
LDFLAGS=''
LDFLAGS_CXX_JDK=''
LDFLAGS_JDKEXE=''
LDFLAGS_JDKEXE_SUFFIX=''
LDFLAGS_JDKLIB=''
LDFLAGS_JDKLIB_SUFFIX=''
LD_OUT_OPTION=''
LEGACY_EXTRA_ASFLAGS=''
LEGACY_EXTRA_CFLAGS=''
LEGACY_EXTRA_CXXFLAGS=''
LEGACY_EXTRA_LDFLAGS=''
LIBCXX=''
LIBDL=''
LIBFFI_CFLAGS=''
LIBFFI_LIBS=''
LIBM=''
LIBOBJS=''
LIBRARY_PREFIX=''
LIBS=''
LIBZIP_CAN_USE_MMAP=''
LIPO=''
LLVM_CFLAGS=''
LLVM_CONFIG=''
LLVM_LDFLAGS=''
LLVM_LIBS=''
LN='/usr/bin/ln'
LP64='LP64:='
LS='/usr/bin/ls'
LTLIBOBJS=''
MACOSX_BUNDLE_ID_BASE='net.java.openjdk'
MACOSX_BUNDLE_NAME_BASE='OpenJDK'
MACOSX_UNIVERSAL=''
MACOSX_VERSION_MIN=''
MAKE='/usr/bin/make'
MCS=''
MEMORY_SIZE=''
MILESTONE='internal'
MKDIR='/usr/bin/mkdir'
MKTEMP='/usr/bin/mktemp'
MSBUILD=''
MSVCP_DLL=''
MSVCR_DLL=''
MT=''
MV='/usr/bin/mv'
NASHORN_TOPDIR=''
NAWK='/usr/bin/nawk'
NM=''
NO_DELETE_NULL_POINTER_CHECKS_CFLAG=''
NO_LIFETIME_DSE_CFLAG=''
NUM_CORES=''
OBJC=''
OBJCFLAGS=''
OBJCOPY=''
OBJDUMP=''
OBJEXT=''
OBJ_SUFFIX=''
OPENJDK_BUILD_AUTOCONF_NAME='x86_64-unknown-linux-gnu'
OPENJDK_BUILD_CPU='x86_64'
OPENJDK_BUILD_CPU_ARCH='x86'
OPENJDK_BUILD_CPU_BITS='64'
OPENJDK_BUILD_CPU_ENDIAN='little'
OPENJDK_BUILD_OS='linux'
OPENJDK_BUILD_OS_API='posix'
OPENJDK_BUILD_OS_ENV='linux'
OPENJDK_TARGET_AUTOCONF_NAME='x86_64-unknown-linux-gnu'
OPENJDK_TARGET_CPU='x86_64'
OPENJDK_TARGET_CPU_ARCH='x86'
OPENJDK_TARGET_CPU_BITS='64'
OPENJDK_TARGET_CPU_ENDIAN='little'
OPENJDK_TARGET_CPU_ISADIR=''
OPENJDK_TARGET_CPU_JLI_CFLAGS='-DLIBARCHNAME='\''"amd64"'\'''
OPENJDK_TARGET_CPU_LEGACY='amd64'
OPENJDK_TARGET_CPU_LEGACY_LIB='amd64'
OPENJDK_TARGET_CPU_LIBDIR='/amd64'
OPENJDK_TARGET_CPU_OSARCH='amd64'
OPENJDK_TARGET_OS='linux'
OPENJDK_TARGET_OS_API='posix'
OPENJDK_TARGET_OS_API_DIR='solaris'
OPENJDK_TARGET_OS_ENV='linux'
OPENJDK_TARGET_OS_EXPORT_DIR='solaris'
OS_VERSION_MAJOR='5'
OS_VERSION_MICRO='0'
OS_VERSION_MINOR='4'
OTOOL=''
OUTPUT_ROOT='/spare/kd/teraheap/jdk8u345/build/linux-x86_64-normal-server-release'
OVERRIDE_SRC_ROOT=''
PACKAGE_BUGREPORT='build-dev@openjdk.java.net'
PACKAGE_NAME='OpenJDK'
PACKAGE_PATH=''
PACKAGE_STRING='OpenJDK jdk8'
PACKAGE_TARNAME='openjdk'
PACKAGE_URL='http://openjdk.java.net'
PACKAGE_VERSION='jdk8'
PATH_SEP=':'
PATH_SEPARATOR=':'
PKGHANDLER='apt-get'
PKG_CONFIG='/usr/bin/pkg-config'
POST_MCS_CMD=''
POST_STRIP_CMD=''
POTENTIAL_CC=''
POTENTIAL_CXX=''
PRINTF='/usr/bin/printf'
PRODUCT_NAME='OpenJDK'
PRODUCT_SUFFIX='Runtime Environment'
PROPER_COMPILER_CC=''
PROPER_COMPILER_CXX=''
RC=''
RC_FLAGS=''
READELF='/usr/bin/readelf'
READLINK='/usr/bin/readlink'
REQUIRED_OS_NAME='Linux'
REQUIRED_OS_VERSION='2.6'
RM='/usr/bin/rm -f'
SALIB_NAME=''
SDKPATH=''
SED='/usr/bin/sed'
SETFILE=''
SET_DEVELOPER_DIR=''
SET_EXECUTABLE_ORIGIN=''
SET_OPENJDK='OPENJDK=true'
SET_SHARED_LIBRARY_MAPFILE=''
SET_SHARED_LIBRARY_NAME=''
SET_SHARED_LIBRARY_ORIGIN=''
SH='/usr/bin/sh'
SHARED_LIBRARY=''
SHARED_LIBRARY_FLAGS=''
SHARED_LIBRARY_SUFFIX=''
SHELL='/usr/bin/bash'
SJAVAC_SERVER_DIR=''
SJAVAC_SERVER_JAVA=''
SORT='/usr/bin/sort'
SPEC='/spare/kd/teraheap/jdk8u345/build/linux-x86_64-normal-server-release/spec.gmk'
STAT='/usr/bin/stat'
STATIC_CXX_SETTING=''
STATIC_LIBRARY=''
STATIC_LIBRARY_SUFFIX=''
STRIP=''
STRIP_POLICY=''
SUPPORT_HEADFUL='yes'
SUPPORT_HEADLESS='yes'
SYSROOT_CFLAGS=''
SYSROOT_LDFLAGS=''
TAIL='/usr/bin/tail'
TAR='/usr/bin/tar'
TEE='/usr/bin/tee'
TEST_IN_BUILD='false'
TIME='/usr/bin/time'
TOOLCHAIN_PATH_CC=''
TOOLCHAIN_PATH_CXX=''
TOOLCHAIN_TYPE=''
TOPDIR='/spare/kd/teraheap/jdk8u345'
TOUCH='/usr/bin/touch'
TR='/usr/bin/tr'
UCRT_DLL_DIR=''
UNAME='/usr/bin/uname'
UNIQ='/usr/bin/uniq'
UNLIMITED_CRYPTO='false'
UNZIP='/usr/bin/unzip'
USER_RELEASE_SUFFIX='konstdelis_2024_11_01_08_31'
USE_CLANG=''
USE_EXTERNAL_LIBGIF=''
USE_EXTERNAL_LIBJPEG=''
USE_EXTERNAL_LIBZ=''
USE_FORMAT_OVERFLOW=''
USE_PRECOMPILED_HEADER=''
USING_BROKEN_SUSE_LD=''
VARIANT='OPT'
VENDOR_URL=''
VENDOR_URL_BUG=''
VENDOR_URL_VM_BUG=''
VS_INCLUDE=''
VS_LIB=''
VS_PATH=''
WC='/usr/bin/wc'
WHICH='/usr/bin/which'
XARGS='/usr/bin/xargs'
XATTR=''
XCODEBUILD=''
XMKMF=''
X_CFLAGS=''
X_EXTRA_LIBS=''
X_LIBS=''
X_PRE_LIBS=''
ZERO_ARCHDEF='AMD64'
ZERO_ARCHFLAG=''
ZIP='/usr/bin/zip'
ZIP_DEBUGINFO_FILES=''
ac_ct_AR=''
ac_ct_CC=''
ac_ct_CXX=''
ac_ct_NM=''
ac_ct_OBJC=''
ac_ct_OBJCOPY=''
ac_ct_OBJDUMP=''
ac_ct_PROPER_COMPILER_CC=''
ac_ct_PROPER_COMPILER_CXX=''
ac_ct_STRIP=''
bindir='${exec_prefix}/bin'
build='x86_64-unknown-linux-gnu'
build_alias=''
build_cpu='x86_64'
build_os='linux-gnu'
build_vendor='unknown'
datadir='${datarootdir}'
datarootdir='${prefix}/share'
docdir='${datarootdir}/doc/${PACKAGE_TARNAME}'
dvidir='${docdir}'
exec_prefix='NONE'
host='x86_64-unknown-linux-gnu'
host_alias=''
host_cpu='x86_64'
host_os='linux-gnu'
host_vendor='unknown'
htmldir='${docdir}'
includedir='${prefix}/include'
infodir='${datarootdir}/info'
libdir='${exec_prefix}/lib'
libexecdir='${exec_prefix}/libexec'
localedir='${datarootdir}/locale'
localstatedir='${prefix}/var'
mandir='${datarootdir}/man'
oldincludedir='/usr/include'
pdfdir='${docdir}'
prefix='NONE'
program_transform_name='s,x,x,'
psdir='${docdir}'
runstatedir='${localstatedir}/run'
sbindir='${exec_prefix}/sbin'
sharedstatedir='${prefix}/com'
sysconfdir='${prefix}/etc'
target='x86_64-unknown-linux-gnu'
target_alias=''
target_cpu='x86_64'
target_os='linux-gnu'
target_vendor='unknown'

## ----------- ##
## confdefs.h. ##
## ----------- ##

/* confdefs.h */
#define PACKAGE_NAME "OpenJDK"
#define PACKAGE_TARNAME "openjdk"
#define PACKAGE_VERSION "jdk8"
#define PACKAGE_STRING "OpenJDK jdk8"
#define PACKAGE_BUGREPORT "build-dev@openjdk.java.net"
#define PACKAGE_URL "http://openjdk.java.net"

configure: exit 1
